<?xml version="1.0" encoding="UTF-8"?>
<!-- Generated by org.testng.reporters.JUnitReportReporter -->
<testsuite hostname="D-441003986" name="testRunner.NewTest" tests="1" failures="0" timestamp="28 Mar 2018 14:28:42 GMT" time="11.831" errors="0">
  <testcase name="f" time="11.831" classname="testRunner.NewTest"/>
</testsuite> <!-- testRunner.NewTest -->
